m:\dayang\samples\dyeloganalyzetool\debug\main.obj
m:\dayang\samples\dyeloganalyzetool\debug\dyeloganalyzetooldlg.obj
m:\dayang\samples\dyeloganalyzetool\debug\vc140.pdb
m:\dayang\samples\dyeloganalyzetool\debug\moc_dyeloganalyzetooldlg.obj
m:\dayang\samples\dyeloganalyzetool\debug\moc_predefs.h
m:\dayang\samples\dyeloganalyzetool\ui_dyeloganalyzetooldlg.h
m:\dayang\samples\dyeloganalyzetool\debug\moc_dyeloganalyzetooldlg.cpp
m:\dayang\samples\dyeloganalyzetool\debug\dyeloganalyzetool.ilk
m:\dayang\samples\dyeloganalyzetool\debug\dyeloganalyzetool.exe
m:\dayang\samples\dyeloganalyzetool\debug\dyeloganalyzetool.pdb
m:\dayang\samples\dyeloganalyzetool\debug\dyelogan.02ba4905.tlog\cl.command.1.tlog
m:\dayang\samples\dyeloganalyzetool\debug\dyelogan.02ba4905.tlog\cl.read.1.tlog
m:\dayang\samples\dyeloganalyzetool\debug\dyelogan.02ba4905.tlog\cl.write.1.tlog
m:\dayang\samples\dyeloganalyzetool\debug\dyelogan.02ba4905.tlog\custombuild.command.1.tlog
m:\dayang\samples\dyeloganalyzetool\debug\dyelogan.02ba4905.tlog\custombuild.read.1.tlog
m:\dayang\samples\dyeloganalyzetool\debug\dyelogan.02ba4905.tlog\custombuild.write.1.tlog
m:\dayang\samples\dyeloganalyzetool\debug\dyelogan.02ba4905.tlog\dyeloganalyzetool.write.1u.tlog
m:\dayang\samples\dyeloganalyzetool\debug\dyelogan.02ba4905.tlog\link.command.1.tlog
m:\dayang\samples\dyeloganalyzetool\debug\dyelogan.02ba4905.tlog\link.read.1.tlog
m:\dayang\samples\dyeloganalyzetool\debug\dyelogan.02ba4905.tlog\link.write.1.tlog
m:\dayang\samples\dyeloganalyzetool\debug\dyelogan.02ba4905.tlog\moc.read.1u.tlog
m:\dayang\samples\dyeloganalyzetool\debug\dyelogan.02ba4905.tlog\moc.write.1u.tlog
m:\dayang\samples\dyeloganalyzetool\debug\dyelogan.02ba4905.tlog\uic.read.1u.tlog
m:\dayang\samples\dyeloganalyzetool\debug\dyelogan.02ba4905.tlog\uic.write.1u.tlog
